----------------------------------------------------------------------------------
      name:  <unnamed>
       log:  C:\Users\emson\Desktop\Files\STATA TRAINING\16febclass.log
  log type:  text
 opened on:  16 Feb 2026, 16:15:59

. use "C:\Users\emson\Desktop\Files\STATA TRAINING\Data\stata Exam scores.dta"

. oneway exam course

                        Analysis of variance
    Source              SS         df      MS            F     Prob > F
------------------------------------------------------------------------
Between groups            9598      3   3199.33333      5.83     0.0015
 Within groups      30719.7333     56   548.566667
------------------------------------------------------------------------
    Total           40317.7333     59   683.351412

Bartlett's equal-variances test: chi2(3) =  12.6521    Prob>chi2 = 0.005

. oneway exam course, bonferroni tabulate

   Master's |     Summary of stata exam score
     course |        Mean   Std. dev.       Freq.
------------+------------------------------------
        MPH |          57   25.670995          15
      AHASS |        50.8   26.737347          15
  MPhil App |        84.4   10.301179          15
  Clinical  |   64.866667   26.725768          15
------------+------------------------------------
      Total |   64.266667   26.140991          60

                        Analysis of variance
    Source              SS         df      MS            F     Prob > F
------------------------------------------------------------------------
Between groups            9598      3   3199.33333      5.83     0.0015
 Within groups      30719.7333     56   548.566667
------------------------------------------------------------------------
    Total           40317.7333     59   683.351412

Bartlett's equal-variances test: chi2(3) =  12.6521    Prob>chi2 = 0.005

              Comparison of stata exam score by Master's course
                                (Bonferroni)
Row Mean-|
Col Mean |        MPH      AHASS   MPhil Ap
---------+---------------------------------
   AHASS |       -6.2
         |      1.000
         |
MPhil Ap |       27.4       33.6
         |      0.013      0.001
         |
Clinical |    7.86667    14.0667   -19.5333
         |      1.000      0.634      0.157

. log close
      name:  <unnamed>
       log:  C:\Users\emson\Desktop\Files\STATA TRAINING\16febclass.log
  log type:  text
 closed on:  16 Feb 2026, 16:37:57
----------------------------------------------------------------------------------
----------------------------------------------------------------------------------
      name:  <unnamed>
       log:  C:\Users\emson\Desktop\Files\STATA TRAINING\16febclass.log
  log type:  text
 opened on:  16 Feb 2026, 16:40:02

. * Linear Regression

. *creating scatter plot

. twoway (scatter sysbp bmi)

. *Adding regression line

. twoway (scatter sysbp bmi) (lfit sysbp bmi)

. *linear regrssion for sysbp and bmi

. regress sysbp bmi

      Source |       SS           df       MS      Number of obs   =        95
-------------+----------------------------------   F(1, 93)        =     20.07
       Model |  8419.98444         1  8419.98444   Prob > F        =    0.0000
    Residual |  39011.6471        93  419.480077   R-squared       =    0.1775
-------------+----------------------------------   Adj R-squared   =    0.1687
       Total |  47431.6316        94  504.591825   Root MSE        =    20.481

------------------------------------------------------------------------------
       sysbp | Coefficient  Std. err.      t    P>|t|     [95% conf. interval]
-------------+----------------------------------------------------------------
         bmi |   2.869126   .6403975     4.48   0.000     1.597423    4.140828
       _cons |   59.98569   16.57758     3.62   0.000     27.06591    92.90547
------------------------------------------------------------------------------

. regress sysbp bmi

      Source |       SS           df       MS      Number of obs   =        95
-------------+----------------------------------   F(1, 93)        =     20.07
       Model |  8419.98444         1  8419.98444   Prob > F        =    0.0000
    Residual |  39011.6471        93  419.480077   R-squared       =    0.1775
-------------+----------------------------------   Adj R-squared   =    0.1687
       Total |  47431.6316        94  504.591825   Root MSE        =    20.481

------------------------------------------------------------------------------
       sysbp | Coefficient  Std. err.      t    P>|t|     [95% conf. interval]
-------------+----------------------------------------------------------------
         bmi |   2.869126   .6403975     4.48   0.000     1.597423    4.140828
       _cons |   59.98569   16.57758     3.62   0.000     27.06591    92.90547
------------------------------------------------------------------------------

. regress sysbp bmi age

      Source |       SS           df       MS      Number of obs   =        95
-------------+----------------------------------   F(2, 92)        =     13.84
       Model |  10972.1578         2  5486.07892   Prob > F        =    0.0000
    Residual |  36459.4737        92  396.298628   R-squared       =    0.2313
-------------+----------------------------------   Adj R-squared   =    0.2146
       Total |  47431.6316        94  504.591825   Root MSE        =    19.907

------------------------------------------------------------------------------
       sysbp | Coefficient  Std. err.      t    P>|t|     [95% conf. interval]
-------------+----------------------------------------------------------------
         bmi |   2.604844   .6311028     4.13   0.000      1.35142    3.858269
         age |   .5722064   .2254804     2.54   0.013     .1243827     1.02003
       _cons |   37.59529   18.37049     2.05   0.044     1.109913    74.08068
------------------------------------------------------------------------------

. regress sysbp bmi age i.educ

      Source |       SS           df       MS      Number of obs   =        93
-------------+----------------------------------   F(5, 87)        =      6.11
       Model |  12259.1741         5  2451.83481   Prob > F        =    0.0001
    Residual |  34929.5732        87  401.489348   R-squared       =    0.2598
-------------+----------------------------------   Adj R-squared   =    0.2172
       Total |  47188.7473        92  512.921166   Root MSE        =    20.037

------------------------------------------------------------------------------
       sysbp | Coefficient  Std. err.      t    P>|t|     [95% conf. interval]
-------------+----------------------------------------------------------------
         bmi |   2.711088   .6481384     4.18   0.000     1.422843    3.999333
         age |   .5915484   .2370188     2.50   0.014     .1204479    1.062649
             |
        educ |
          2  |   3.679416   4.946024     0.74   0.459    -6.151342    13.51017
          3  |   8.091892   6.445271     1.26   0.213    -4.718781    20.90257
          4  |  -7.135238   7.415695    -0.96   0.339    -21.87473    7.604259
             |
       _cons |   32.31086   19.75482     1.64   0.106    -6.953978    71.57569
------------------------------------------------------------------------------

. tab educ

0-11 years, |
 hs or ged, |
 some coll, |
 coll grad+ |      Freq.     Percent        Cum.
------------+-----------------------------------
          1 |         41       44.09       44.09
          2 |         30       32.26       76.34
          3 |         13       13.98       90.32
          4 |          9        9.68      100.00
------------+-----------------------------------
      Total |         93      100.00

. regress sysbp bmi age i.educ, base

      Source |       SS           df       MS      Number of obs   =        93
-------------+----------------------------------   F(5, 87)        =      6.11
       Model |  12259.1741         5  2451.83481   Prob > F        =    0.0001
    Residual |  34929.5732        87  401.489348   R-squared       =    0.2598
-------------+----------------------------------   Adj R-squared   =    0.2172
       Total |  47188.7473        92  512.921166   Root MSE        =    20.037

------------------------------------------------------------------------------
       sysbp | Coefficient  Std. err.      t    P>|t|     [95% conf. interval]
-------------+----------------------------------------------------------------
         bmi |   2.711088   .6481384     4.18   0.000     1.422843    3.999333
         age |   .5915484   .2370188     2.50   0.014     .1204479    1.062649
             |
        educ |
          1  |          0  (base)
          2  |   3.679416   4.946024     0.74   0.459    -6.151342    13.51017
          3  |   8.091892   6.445271     1.26   0.213    -4.718781    20.90257
          4  |  -7.135238   7.415695    -0.96   0.339    -21.87473    7.604259
             |
       _cons |   32.31086   19.75482     1.64   0.106    -6.953978    71.57569
------------------------------------------------------------------------------

. regress sysbp bmi age b4.educ, base

      Source |       SS           df       MS      Number of obs   =        93
-------------+----------------------------------   F(5, 87)        =      6.11
       Model |  12259.1741         5  2451.83481   Prob > F        =    0.0001
    Residual |  34929.5732        87  401.489348   R-squared       =    0.2598
-------------+----------------------------------   Adj R-squared   =    0.2172
       Total |  47188.7473        92  512.921166   Root MSE        =    20.037

------------------------------------------------------------------------------
       sysbp | Coefficient  Std. err.      t    P>|t|     [95% conf. interval]
-------------+----------------------------------------------------------------
         bmi |   2.711088   .6481384     4.18   0.000     1.422843    3.999333
         age |   .5915484   .2370188     2.50   0.014     .1204479    1.062649
             |
        educ |
          1  |   7.135238   7.415695     0.96   0.339    -7.604259    21.87473
          2  |   10.81465     7.6572     1.41   0.161     -4.40486    26.03417
          3  |   15.22713   8.695968     1.75   0.083    -2.057048    32.51131
          4  |          0  (base)
             |
       _cons |   25.17562   20.01212     1.26   0.212    -14.60063    64.95188
------------------------------------------------------------------------------

. regress sysbp bmi age b3.educ, base

      Source |       SS           df       MS      Number of obs   =        93
-------------+----------------------------------   F(5, 87)        =      6.11
       Model |  12259.1741         5  2451.83481   Prob > F        =    0.0001
    Residual |  34929.5732        87  401.489348   R-squared       =    0.2598
-------------+----------------------------------   Adj R-squared   =    0.2172
       Total |  47188.7473        92  512.921166   Root MSE        =    20.037

------------------------------------------------------------------------------
       sysbp | Coefficient  Std. err.      t    P>|t|     [95% conf. interval]
-------------+----------------------------------------------------------------
         bmi |   2.711088   .6481384     4.18   0.000     1.422843    3.999333
         age |   .5915484   .2370188     2.50   0.014     .1204479    1.062649
             |
        educ |
          1  |  -8.091892   6.445271    -1.26   0.213    -20.90257    4.718781
          2  |  -4.412476   6.669292    -0.66   0.510    -17.66842    8.843463
          3  |          0  (base)
          4  |  -15.22713   8.695968    -1.75   0.083    -32.51131    2.057048
             |
       _cons |   40.40275   19.40684     2.08   0.040     1.829557    78.97594
------------------------------------------------------------------------------

. regress sysbp bmi age b4.educ, base

      Source |       SS           df       MS      Number of obs   =        93
-------------+----------------------------------   F(5, 87)        =      6.11
       Model |  12259.1741         5  2451.83481   Prob > F        =    0.0001
    Residual |  34929.5732        87  401.489348   R-squared       =    0.2598
-------------+----------------------------------   Adj R-squared   =    0.2172
       Total |  47188.7473        92  512.921166   Root MSE        =    20.037

------------------------------------------------------------------------------
       sysbp | Coefficient  Std. err.      t    P>|t|     [95% conf. interval]
-------------+----------------------------------------------------------------
         bmi |   2.711088   .6481384     4.18   0.000     1.422843    3.999333
         age |   .5915484   .2370188     2.50   0.014     .1204479    1.062649
             |
        educ |
          1  |   7.135238   7.415695     0.96   0.339    -7.604259    21.87473
          2  |   10.81465     7.6572     1.41   0.161     -4.40486    26.03417
          3  |   15.22713   8.695968     1.75   0.083    -2.057048    32.51131
          4  |          0  (base)
             |
       _cons |   25.17562   20.01212     1.26   0.212    -14.60063    64.95188
------------------------------------------------------------------------------

. ttest sysbp, by(sex)

Two-sample t test with equal variances
------------------------------------------------------------------------------
   Group |     Obs        Mean    Std. err.   Std. dev.   [95% conf. interval]
---------+--------------------------------------------------------------------
       1 |      45    129.9111    2.919124    19.58208     124.028    135.7942
       2 |      50      137.03    3.461697     24.4779    130.0735    143.9865
---------+--------------------------------------------------------------------
Combined |      95    133.6579    2.304668    22.46312    129.0819    138.2339
---------+--------------------------------------------------------------------
    diff |           -7.118889    4.581391               -16.21662    1.978846
------------------------------------------------------------------------------
    diff = mean(1) - mean(2)                                      t =  -1.5539
H0: diff = 0                                     Degrees of freedom =       93

    Ha: diff < 0                 Ha: diff != 0                 Ha: diff > 0
 Pr(T < t) = 0.0618         Pr(|T| > |t|) = 0.1236          Pr(T > t) = 0.9382

. oneway sysbp sex

                        Analysis of variance
    Source              SS         df      MS            F     Prob > F
------------------------------------------------------------------------
Between groups      1200.28213      1   1200.28213      2.41     0.1236
 Within groups      46231.3494     93   497.111284
------------------------------------------------------------------------
    Total           47431.6316     94   504.591825

Bartlett's equal-variances test: chi2(1) =   2.2478    Prob>chi2 = 0.134

. exit, clear
