---------------------------------------------------------------------------------------
      name:  <unnamed>
       log:  C:\Users\emson\OneDrive\Documents\personal_studies(Data Management using S
> tata_ A Practical Handbook by Michael N. Mitchell).log
  log type:  text
 opened on:  12 Mar 2026, 16:24:08

. use "C:\Users\emson\Desktop\Files\Code\Stata\Books\_Data Management using Stata_ A Pr
> actical Handbook by Michael N. Mitchell\dmus2\wws.dta"
(Working Women Survey)

. describe

Contains data from C:\Users\emson\Desktop\Files\Code\Stata\Books\_Data Manage
> ment using Stata_ A Practical Handbook by Michael N. Mitchell\dmus2\wws.dta
 Observations:         2,246                  Working Women Survey
    Variables:            30                  3 Jan 2010 00:42
                                              (_dta has notes)
-----------------------------------------------------------------------------
Variable      Storage   Display    Value
    name         type    format    label      Variable label
-----------------------------------------------------------------------------
idcode          int     %8.0g                 Unique ID
age             byte    %8.0g                 age in current year
race            byte    %8.0g                 race
married         byte    %8.0g                 married
collgrad        byte    %16.0g                college graduate
south           byte    %8.0g                 lives in south
industry        byte    %23.0g                industry
occupation      byte    %22.0g                occupation
union           byte    %8.0g                 union worker
wage            float   %9.0g                 hourly wage
hours           byte    %8.0g                 usual hours worked
nevermarried    byte    %8.0g                 Woman never been married
yrschool        byte    %8.0g                 Years of school completed
metro           byte    %9.0g                 Does woman live in metro area?
ccity           byte    %8.0g                 Does woman live in city center?
currexp         float   %9.0g                 Years worked at current job
prevexp         float   %9.0g                 Years worked at previous job
everworked      float   %9.0g                 Has woman ever worked?
uniondues       float   %9.0g                 Union Dues paid last week
marriedyrs      float   %9.0g                 Years married (rounded to
                                                nearest year)
unempins        float   %9.0g                 Under/Unemployment insur.
                                                received last week
numkids         float   %9.0g                 Number of children
kidage1         float   %9.0g                 Age of first child
kidage2         float   %9.0g                 Age of second child
kidage3         float   %9.0g                 Age of third child
grade           byte    %8.0g                 current grade completed
grade4          byte    %9.0g                 4 level Current Grade Completed
wage2           float   %9.0g                 Wages, rounded to 2 digits
fwt             float   %9.0g                 Frequency weight
networth        float   %9.0g                 Net worth
-----------------------------------------------------------------------------
Sorted by: 

. tabulate collgrad

    college |
   graduate |      Freq.     Percent        Cum.
------------+-----------------------------------
          0 |      1,713       76.27       76.27
          1 |        533       23.73      100.00
------------+-----------------------------------
      Total |      2,246      100.00

. tab collgrad, mission
option mission not allowed
r(198);

. tabulate collgrad, missing

    college |
   graduate |      Freq.     Percent        Cum.
------------+-----------------------------------
          0 |      1,713       76.27       76.27
          1 |        533       23.73      100.00
------------+-----------------------------------
      Total |      2,246      100.00

. * ADD MISSING OPTION TO TABULATE MISSING VALUES AS WELL *

. tab collgrad

    college |
   graduate |      Freq.     Percent        Cum.
------------+-----------------------------------
          0 |      1,713       76.27       76.27
          1 |        533       23.73      100.00
------------+-----------------------------------
      Total |      2,246      100.00

. tab collgrad, missing

    college |
   graduate |      Freq.     Percent        Cum.
------------+-----------------------------------
          0 |      1,713       76.27       76.27
          1 |        533       23.73      100.00
------------+-----------------------------------
      Total |      2,246      100.00

. tabulate race

       race |      Freq.     Percent        Cum.
------------+-----------------------------------
          1 |      1,636       72.84       72.84
          2 |        583       25.96       98.80
          3 |         26        1.16       99.96
          4 |          1        0.04      100.00
------------+-----------------------------------
      Total |      2,246      100.00

. tabulate race, missing

       race |      Freq.     Percent        Cum.
------------+-----------------------------------
          1 |      1,636       72.84       72.84
          2 |        583       25.96       98.80
          3 |         26        1.16       99.96
          4 |          1        0.04      100.00
------------+-----------------------------------
      Total |      2,246      100.00

. list idcode race if race == 4

      +---------------+
      | idcode   race |
      |---------------|
2013. |    543      4 |
      +---------------+

. list idcode reace age if race == 4
variable reace not found
r(111);

. list idcode race age if race == 4

      +---------------------+
      | idcode   race   age |
      |---------------------|
2013. |    543      4    39 |
      +---------------------+

. * DON'T FORGET TABULATE IS USED FOR INSPECTING CATEGORICAL DATA *

. * SUMMARIZE COMMAND IS USED TO INSPIECT CONTINUOUS VARIABLE *

. summarize wage

    Variable |        Obs        Mean    Std. dev.       Min        Max
-------------+---------------------------------------------------------
        wage |      2,246    288.2885    9595.692          0     380000

. * ADD DETAIL OPTION TO SUMMARIZE FOR MORE INFORMATION *

. summarize wage, detail

                         hourly wage
-------------------------------------------------------------
      Percentiles      Smallest
 1%     1.892108              0
 5%     2.801002       1.004952
10%     3.220612       1.032247       Obs               2,246
25%     4.259257       1.151368       Sum of wgt.       2,246

50%     6.276297                      Mean           288.2885
                        Largest       Std. dev.      9595.692
75%     9.661837       40.19808
90%     12.77777       40.74659       Variance       9.21e+07
95%     16.73912         250000       Skewness       35.45839
99%     38.70926         380000       Kurtosis       1297.042

. * LISTING THE IDCODE AND WAGE OF WOMEN WITH WAGE GREATER THAN 100 000 *

. list idcode wage if wage > 100000

      +-----------------+
      | idcode     wage |
      |-----------------|
 893. |   3145   380000 |
1241. |   2341   250000 |
      +-----------------+

. tabulate age

     age in |
    current |
       year |      Freq.     Percent        Cum.
------------+-----------------------------------
         21 |          2        0.09        0.09
         22 |          8        0.36        0.45
         23 |         16        0.71        1.16
         24 |         35        1.56        2.72
         25 |         44        1.96        4.67
         26 |         50        2.23        6.90
         27 |         50        2.23        9.13
         28 |         63        2.80       11.93
         29 |         49        2.18       14.11
         30 |         55        2.45       16.56
         31 |         57        2.54       19.10
         32 |         60        2.67       21.77
         33 |         56        2.49       24.27
         34 |         95        4.23       28.50
         35 |        213        9.48       37.98
         36 |        224        9.97       47.95
         37 |        171        7.61       55.57
         38 |        175        7.79       63.36
         39 |        167        7.44       70.79
         40 |        139        6.19       76.98
         41 |        148        6.59       83.57
         42 |        111        4.94       88.51
         43 |        110        4.90       93.41
         44 |         98        4.36       97.77
         45 |         45        2.00       99.78
         46 |          1        0.04       99.82
         47 |          1        0.04       99.87
         48 |          1        0.04       99.91
         54 |          1        0.04       99.96
         83 |          1        0.04      100.00
------------+-----------------------------------
      Total |      2,246      100.00

. summarize age

    Variable |        Obs        Mean    Std. dev.       Min        Max
-------------+---------------------------------------------------------
         age |      2,246    36.25111    5.437983         21         83

. tabulate age if age >= 50

     age in |
    current |
       year |      Freq.     Percent        Cum.
------------+-----------------------------------
         54 |          1       50.00       50.00
         83 |          1       50.00      100.00
------------+-----------------------------------
      Total |          2      100.00

. tabulate age if age >= 45

     age in |
    current |
       year |      Freq.     Percent        Cum.
------------+-----------------------------------
         45 |         45       90.00       90.00
         46 |          1        2.00       92.00
         47 |          1        2.00       94.00
         48 |          1        2.00       96.00
         54 |          1        2.00       98.00
         83 |          1        2.00      100.00
------------+-----------------------------------
      Total |         50      100.00

. tabulate age if age >= 50

     age in |
    current |
       year |      Freq.     Percent        Cum.
------------+-----------------------------------
         54 |          1       50.00       50.00
         83 |          1       50.00      100.00
------------+-----------------------------------
      Total |          2      100.00

. * CHECKING CATEGORICAL BY CATEGORICAL VARIABLES *

. *-----------------------------------------*

. tabulate metro ccity

Does woman |
   live in |  Does woman live in
     metro |     city center?
     area? |         0          1 |     Total
-----------+----------------------+----------
         0 |       665          0 |       665 
         1 |       926        655 |     1,581 
-----------+----------------------+----------
     Total |     1,591        655 |     2,246 

. tabulate metro ccity, missing

Does woman |
   live in |  Does woman live in
     metro |     city center?
     area? |         0          1 |     Total
-----------+----------------------+----------
         0 |       665          0 |       665 
         1 |       926        655 |     1,581 
-----------+----------------------+----------
     Total |     1,591        655 |     2,246 

. count missing
varlist not allowed
r(101);

. count if wage > 10000
  2

. list if wage >10000

      +-------------------------------------------------------------------+
 893. | idcode | age  | race  | married  | collgrad  | south  | industry  |
      |   3145 |  36  |    2  |       1  |        0  |     1  |        6  |
      |----------------------------------------------+--------------------|
      | occupa~n | union |   wage | hours | neverm~d | yrschool  | metro  |
      |        2 |     0 | 380000 |    40 |        0 |       12  |     1  |
      |-------------------------------------------------------------------|
      | ccity  | currexp  | prevexp  | everwo~d  | uniond~s  |  marrie~s  |
      |     1  |       0  |       0  |        0  |        0  |        11  |
      |------------------------------+------------------------------------|
      | unempins | numkids | kidage1 | kidage2 | kidage3 | grade | grade4 |
      |        0 |       0 |       . |       . |       . |    12 |      2 |
      |-------------------------------------------------------------------|
      |        wage2        |        fwt        |         networth        |
      |         4.84        |          6        |        -2161.032        |
      +-------------------------------------------------------------------+

      +-------------------------------------------------------------------+
1241. | idcode | age  | race  | married  | collgrad  | south  | industry  |
      |   2341 |  29  |    2  |       1  |        1  |     0  |        5  |
      |----------------------------------------------+--------------------|
      | occupa~n | union |   wage | hours | neverm~d | yrschool  | metro  |
      |        1 |     1 | 250000 |    40 |        0 |       16  |     1  |
      |-------------------------------------------------------------------|
      | ccity  | currexp  | prevexp  | everwo~d  | uniond~s  |  marrie~s  |
      |     1  |       3  |       6  |        1  |        6  |         6  |
      |------------------------------+------------------------------------|
      | unempins | numkids | kidage1 | kidage2 | kidage3 | grade | grade4 |
      |        0 |       2 |       9 |       6 |       . |    16 |      4 |
      |-------------------------------------------------------------------|
      |        wage2        |        fwt        |         networth        |
      |        10.05        |          9        |         3048.305        |
      +-------------------------------------------------------------------+

. list if wage > 10000

      +-------------------------------------------------------------------+
 893. | idcode | age  | race  | married  | collgrad  | south  | industry  |
      |   3145 |  36  |    2  |       1  |        0  |     1  |        6  |
      |----------------------------------------------+--------------------|
      | occupa~n | union |   wage | hours | neverm~d | yrschool  | metro  |
      |        2 |     0 | 380000 |    40 |        0 |       12  |     1  |
      |-------------------------------------------------------------------|
      | ccity  | currexp  | prevexp  | everwo~d  | uniond~s  |  marrie~s  |
      |     1  |       0  |       0  |        0  |        0  |        11  |
      |------------------------------+------------------------------------|
      | unempins | numkids | kidage1 | kidage2 | kidage3 | grade | grade4 |
      |        0 |       0 |       . |       . |       . |    12 |      2 |
      |-------------------------------------------------------------------|
      |        wage2        |        fwt        |         networth        |
      |         4.84        |          6        |        -2161.032        |
      +-------------------------------------------------------------------+

      +-------------------------------------------------------------------+
1241. | idcode | age  | race  | married  | collgrad  | south  | industry  |
      |   2341 |  29  |    2  |       1  |        1  |     0  |        5  |
      |----------------------------------------------+--------------------|
      | occupa~n | union |   wage | hours | neverm~d | yrschool  | metro  |
      |        1 |     1 | 250000 |    40 |        0 |       16  |     1  |
      |-------------------------------------------------------------------|
      | ccity  | currexp  | prevexp  | everwo~d  | uniond~s  |  marrie~s  |
      |     1  |       3  |       6  |        1  |        6  |         6  |
      |------------------------------+------------------------------------|
      | unempins | numkids | kidage1 | kidage2 | kidage3 | grade | grade4 |
      |        0 |       2 |       9 |       6 |       . |    16 |      4 |
      |-------------------------------------------------------------------|
      |        wage2        |        fwt        |         networth        |
      |        10.05        |          9        |         3048.305        |
      +-------------------------------------------------------------------+

. list idcode age currexp if wage > 10000

      +------------------------+
      | idcode   age   currexp |
      |------------------------|
 893. |   3145    36         0 |
1241. |   2341    29         3 |
      +------------------------+

. * USE COUNT TO COUNT NUMBER OF VARIABLES *

. count if metro == 0 & ccity == 1
  0

. tabulate married nevermarried

           |   Woman never been
           |        married
   married |         0          1 |     Total
-----------+----------------------+----------
         0 |       570        234 |       804 
         1 |     1,440          2 |     1,442 
-----------+----------------------+----------
     Total |     2,010        236 |     2,246 

. count married & nevermarried
varlist not allowed
r(101);

. count if maried == 1 & nevermarried == 1
maried not found
r(111);

. count if married == 1 & nevermarried == 1
  2

. tabulate collgrad yrschool

   college |          Years of school completed
  graduate |         8          9         10         11 |     Total
-----------+--------------------------------------------+----------
         0 |        69         55         84        123 |     1,709 
         1 |         1          0          0          0 |       533 
-----------+--------------------------------------------+----------
     Total |        70         55         84        123 |     2,242 


   college |          Years of school completed
  graduate |        12         13         14         15 |     Total
-----------+--------------------------------------------+----------
         0 |       943        174        180         81 |     1,709 
         1 |         0          2          7         11 |       533 
-----------+--------------------------------------------+----------
     Total |       943        176        187         92 |     2,242 


   college |    Years of school completed
  graduate |        16         17         18 |     Total
-----------+---------------------------------+----------
         0 |         0          0          0 |     1,709 
         1 |       252        106        154 |       533 
-----------+---------------------------------+----------
     Total |       252        106        154 |     2,242 

. table collgrad yrschool
collection collgrad not found
r(111);

. * CROSS-TABULATIONS USING TABLE AND TABULATE ARE USEFUL FOR CHECKING CATEGO
> RICAL VARIABLES AGAINST EACH OTHER. *

. * CHECKING CATEGORICAL BY CONTINUOUS VARIABLES (

. 
. . * CHECKING CATEGORICAL BY CONTINUOUS VARIABLES *

. * WHEN CHECKING CONTINUOUT VARIABLES AGAINST CATEGORICAL VARIABLES,

. * CREATE SUMMARY STATISTICS FOR THE CONTINUOUS VARIABLE BROKEN DOWN BY CATE
> GORICAL VARIABLE (

. summarize inioncodes
variable inioncodes not found
r(111);

. summarize unioncodes
variable unioncodes not found
r(111);

. summarize uniondues

    Variable |        Obs        Mean    Std. dev.       Min        Max
-------------+---------------------------------------------------------
   uniondues |      2,242    5.603479    9.029045          0         29

. summarize uniondues, by(union)
option by() not allowed
r(198);

. bysort union: summarize uniondues

-----------------------------------------------------------------------------
-> union = 0

    Variable |        Obs        Mean    Std. dev.       Min        Max
-------------+---------------------------------------------------------
   uniondues |      1,413     .094126    1.502237          0         27

-----------------------------------------------------------------------------
-> union = 1

    Variable |        Obs        Mean    Std. dev.       Min        Max
-------------+---------------------------------------------------------
   uniondues |        461    14.65944    8.707759          0         29

-----------------------------------------------------------------------------
-> union = .

    Variable |        Obs        Mean    Std. dev.       Min        Max
-------------+---------------------------------------------------------
   uniondues |        368    15.41304    8.815582          0         29


. summarize uniondues if union == 0

    Variable |        Obs        Mean    Std. dev.       Min        Max
-------------+---------------------------------------------------------
   uniondues |      1,413     .094126    1.502237          0         27

. * SUMMARIZE DOES NOT SUPPORT BY() SO YOU CAN USE BYSORT *

. * YOU CAN ALSO USE TABSTAT LIKE BELOW *

. tabstat uniondues, by(union) stat(n mean sd min max)

Summary for variables: uniondues
Group variable: union (union worker)

   union |         N      Mean        SD       Min       Max
---------+--------------------------------------------------
       0 |      1413   .094126  1.502237         0        27
       1 |       461  14.65944  8.707759         0        29
---------+--------------------------------------------------
   Total |      1874  3.677161  7.726218         0        29
------------------------------------------------------------

. ** TABSTAT IS ALSO USED FOR SUMMARY STATISTICS LIKE SUMMARIZE BUT CAN BE US
> ED BY GROUPS AND CAN SPECIFY THE STATISTICAL VALUES YOU WANT *

. tabstat uniondues, stat(n mean sd min max) by(union)

Summary for variables: uniondues
Group variable: union (union worker)

   union |         N      Mean        SD       Min       Max
---------+--------------------------------------------------
       0 |      1413   .094126  1.502237         0        27
       1 |       461  14.65944  8.707759         0        29
---------+--------------------------------------------------
   Total |      1874  3.677161  7.726218         0        29
------------------------------------------------------------

. ** USING RECODE COMMAND TO CREATE A VARIABLE NAMED PAYDUES, 0 FOR THOSE WHO
>  DON'T PAY AND FOR WOMEN WHO PAY **

. recode uniondues (0=0 "Not paid dues") (1/max=1 "Paid dues"), generate(pays
> dues)
(784 differences between uniondues and paysdues)

. tab paysdues

    RECODE of |
    uniondues |
  (Union Dues |
    paid last |
        week) |      Freq.     Percent        Cum.
--------------+-----------------------------------
Not paid dues |      1,431       63.83       63.83
    Paid dues |        811       36.17      100.00
--------------+-----------------------------------
        Total |      2,242      100.00

. tab paysdues, no lab
option no not allowed
r(198);

. tab paysdues, nolab

  RECODE of |
  uniondues |
(Union Dues |
  paid last |
      week) |      Freq.     Percent        Cum.
------------+-----------------------------------
          0 |      1,431       63.83       63.83
          1 |        811       36.17      100.00
------------+-----------------------------------
      Total |      2,242      100.00

. tab paysdues

    RECODE of |
    uniondues |
  (Union Dues |
    paid last |
        week) |      Freq.     Percent        Cum.
--------------+-----------------------------------
Not paid dues |      1,431       63.83       63.83
    Paid dues |        811       36.17      100.00
--------------+-----------------------------------
        Total |      2,242      100.00

. tabulate union paysdues

           |  RECODE of uniondues
           | (Union Dues paid last
     union |         week)
    worker | Not paid   Paid dues |     Total
-----------+----------------------+----------
         0 |     1,407          6 |     1,413 
         1 |        17        444 |       461 
-----------+----------------------+----------
     Total |     1,424        450 |     1,874 

. tab union paysdues, mission
option mission not allowed
r(198);

. tab union paysdues, missing

           | RECODE of uniondues (Union Dues
     union |         paid last week)
    worker | Not paid   Paid dues          . |     Total
-----------+---------------------------------+----------
         0 |     1,407          6          4 |     1,417 
         1 |        17        444          0 |       461 
         . |         7        361          0 |       368 
-----------+---------------------------------+----------
     Total |     1,431        811          4 |     2,246 

. tab union paysdues

           |  RECODE of uniondues
           | (Union Dues paid last
     union |         week)
    worker | Not paid   Paid dues |     Total
-----------+----------------------+----------
         0 |     1,407          6 |     1,413 
         1 |        17        444 |       461 
-----------+----------------------+----------
     Total |     1,424        450 |     1,874 

. label define yeslbl 1 "yes" 0 "no"

. label values paysdues yeslbl

. label values union yeslabl

. tab union paysdues

           |  RECODE of uniondues
           | (Union Dues paid last
     union |         week)
    worker |        no        yes |     Total
-----------+----------------------+----------
         0 |     1,407          6 |     1,413 
         1 |        17        444 |       461 
-----------+----------------------+----------
     Total |     1,424        450 |     1,874 

. generate paysdues2 = 0

. replace paysdues2 == 1 if uniondues == 1
== invalid name
r(198);

. replace paysdues2 = 1 if uniondues == 1
(27 real changes made)

. br

. label values paysdues2 yeslbl

. br

. generate paysdues3 = uniondues != 0

. br

. drop paysdues2

. drop paysduews3
variable paysduews3 not found
r(111);

. drop paysdues3

. drop paysdues

. br

. generate paysdues = (uniondues > 0)

. br

. tab paysdues

   paysdues |      Freq.     Percent        Cum.
------------+-----------------------------------
          0 |      1,431       63.71       63.71
          1 |        815       36.29      100.00
------------+-----------------------------------
      Total |      2,246      100.00

. tab paysdues union

           |     union worker
  paysdues |         0          1 |     Total
-----------+----------------------+----------
         0 |     1,407         17 |     1,424 
         1 |        10        444 |       454 
-----------+----------------------+----------
     Total |     1,417        461 |     1,878 

. tab union paysdues

     union |       paysdues
    worker |         0          1 |     Total
-----------+----------------------+----------
         0 |     1,407         10 |     1,417 
         1 |        17        444 |       461 
-----------+----------------------+----------
     Total |     1,424        454 |     1,878 

. tab union paysdues, missing

     union |       paysdues
    worker |         0          1 |     Total
-----------+----------------------+----------
         0 |     1,407         10 |     1,417 
         1 |        17        444 |       461 
         . |         7        361 |       368 
-----------+----------------------+----------
     Total |     1,431        815 |     2,246 

. replace paysdues = . if uniondues == .
(4 real changes made, 4 to missing)

. tab union paysdues, missing

     union |             paysdues
    worker |         0          1          . |     Total
-----------+---------------------------------+----------
         0 |     1,407          6          4 |     1,417 
         1 |        17        444          0 |       461 
         . |         7        361          0 |       368 
-----------+---------------------------------+----------
     Total |     1,431        811          4 |     2,246 

. tab
varlist required
r(100);

. 
