-------------------------------------------------------------------------------------------------
      name:  <unnamed>
       log:  C:\Users\emson\Desktop\Files\STATA TRAINING\10febclass.log
  log type:  text
 opened on:  10 Feb 2026, 10:45:27

. tab educ

0-11 years, |
 hs or ged, |
 some coll, |
 coll grad+ |      Freq.     Percent        Cum.
------------+-----------------------------------
          1 |         41       44.09       44.09
          2 |         30       32.26       76.34
          3 |         13       13.98       90.32
          4 |          9        9.68      100.00
------------+-----------------------------------
      Total |         93      100.00

. tab educ, nolab

0-11 years, |
 hs or ged, |
 some coll, |
 coll grad+ |      Freq.     Percent        Cum.
------------+-----------------------------------
          1 |         41       44.09       44.09
          2 |         30       32.26       76.34
          3 |         13       13.98       90.32
          4 |          9        9.68      100.00
------------+-----------------------------------
      Total |         93      100.00

. * recoding category 1 as educated and the rest as uneducated

. recode educ  (1-1 "uneducated") (2 3 4 = 2 "educated"), gen(edu_formal)
unknown el 1-1 in rule
r(198);

. recode educ  (1-1 "uneducated") (2 3 4 = 2 "educated"), gen(edu_formal)
unknown el 1-1 in rule
r(198);

. recode educ (1-1 "uneducated") (2 3 4 = 2 "educated"), gen(edu_formal)
unknown el 1-1 in rule
r(198);

. * figure out the recode function

. help recode

. recode educ  (1=1 "uneducated") (2 3 4 = 2 "educated"), gen(edu_formal)
(22 differences between educ and edu_formal)

. tab educ

0-11 years, |
 hs or ged, |
 some coll, |
 coll grad+ |      Freq.     Percent        Cum.
------------+-----------------------------------
          1 |         41       44.09       44.09
          2 |         30       32.26       76.34
          3 |         13       13.98       90.32
          4 |          9        9.68      100.00
------------+-----------------------------------
      Total |         93      100.00

. recode edu_formal
rules expected
r(198);

. tab edu_formal

  RECODE of |
 educ (0-11 |
  years, hs |
    or ged, |
 some coll, |
coll grad+) |      Freq.     Percent        Cum.
------------+-----------------------------------
 uneducated |         41       44.09       44.09
   educated |         52       55.91      100.00
------------+-----------------------------------
      Total |         93      100.00

. sum bmi

    Variable |        Obs        Mean    Std. dev.       Min        Max
-------------+---------------------------------------------------------
         bmi |         95    25.67758    3.298695      18.18      36.57

. sum age

    Variable |        Obs        Mean    Std. dev.       Min        Max
-------------+---------------------------------------------------------
         age |         95    50.98947    9.232799         35         69

. sum bmi

    Variable |        Obs        Mean    Std. dev.       Min        Max
-------------+---------------------------------------------------------
         bmi |         95    25.67758    3.298695      18.18      36.57

. sum bmi

    Variable |        Obs        Mean    Std. dev.       Min        Max
-------------+---------------------------------------------------------
         bmi |         95    25.67758    3.298695      18.18      36.57

. sum bmi age sysbp

    Variable |        Obs        Mean    Std. dev.       Min        Max
-------------+---------------------------------------------------------
         bmi |         95    25.67758    3.298695      18.18      36.57
         age |         95    50.98947    9.232799         35         69
       sysbp |         95    133.6579    22.46312         90        209

. sum bmi, detail

                  body mass index (kg/(m*m)
-------------------------------------------------------------
      Percentiles      Smallest
 1%        18.18          18.18
 5%        20.54          19.09
10%        21.22          19.53       Obs                  95
25%        23.57          20.12       Sum of wgt.          95

50%         25.4                      Mean           25.67758
                        Largest       Std. dev.      3.298695
75%        27.64          32.54
90%        29.79           32.6       Variance       10.88139
95%        32.18          33.11       Skewness       .3648235
99%        36.57          36.57       Kurtosis       3.551271

. br

. * using bysort to obtain summary stat for a particular group

. bysort cursmoke sum bmi
: required
r(100);

. bysort cursmoke: sum bmi

-------------------------------------------------------------------------------------------------
-> cursmoke = 0

    Variable |        Obs        Mean    Std. dev.       Min        Max
-------------+---------------------------------------------------------
         bmi |         52    25.90808    3.276524      19.09      36.57

-------------------------------------------------------------------------------------------------
-> cursmoke = 1

    Variable |        Obs        Mean    Std. dev.       Min        Max
-------------+---------------------------------------------------------
         bmi |         43    25.39884    3.342478      18.18       32.6


. bys sex: sum bmi

-------------------------------------------------------------------------------------------------
-> sex = 1

    Variable |        Obs        Mean    Std. dev.       Min        Max
-------------+---------------------------------------------------------
         bmi |         45    25.26044    3.125137      19.09      32.18

-------------------------------------------------------------------------------------------------
-> sex = 2

    Variable |        Obs        Mean    Std. dev.       Min        Max
-------------+---------------------------------------------------------
         bmi |         50      26.053    3.435255      18.18      36.57


. bysort educ: sum bmi age sysbp

-------------------------------------------------------------------------------------------------
-> educ = 1

    Variable |        Obs        Mean    Std. dev.       Min        Max
-------------+---------------------------------------------------------
         bmi |         41    26.40317    4.010267      18.18      36.57
         age |         41    52.46341    9.531783         37         68
       sysbp |         41    134.9268    24.05035         90        209

-------------------------------------------------------------------------------------------------
-> educ = 2

    Variable |        Obs        Mean    Std. dev.       Min        Max
-------------+---------------------------------------------------------
         bmi |         30    25.08267    2.548595      20.69      29.84
         age |         30        48.7    8.309322         35         67
       sysbp |         30       132.8    20.92787       96.5      185.5

-------------------------------------------------------------------------------------------------
-> educ = 3

    Variable |        Obs        Mean    Std. dev.       Min        Max
-------------+---------------------------------------------------------
         bmi |         13    25.02615    2.385978      20.54      30.47
         age |         13    50.61538     8.81796         37         69
       sysbp |         13    138.1923    27.86466        109        204

-------------------------------------------------------------------------------------------------
-> educ = 4

    Variable |        Obs        Mean    Std. dev.       Min        Max
-------------+---------------------------------------------------------
         bmi |          9    25.20444     3.16363      20.72      29.77
         age |          9    52.11111    9.739667         39         65
       sysbp |          9    124.3333    10.58005        106        140

-------------------------------------------------------------------------------------------------
-> educ = .

    Variable |        Obs        Mean    Std. dev.       Min        Max
-------------+---------------------------------------------------------
         bmi |          2       26.09     1.65463      24.92      27.26
         age |          2        52.5     20.5061         38         67
       sysbp |          2         133    15.55635        122        144


. bysort edu_formal: sum bmi age sysbp

-------------------------------------------------------------------------------------------------
-> edu_formal = uneducated

    Variable |        Obs        Mean    Std. dev.       Min        Max
-------------+---------------------------------------------------------
         bmi |         41    26.40317    4.010267      18.18      36.57
         age |         41    52.46341    9.531783         37         68
       sysbp |         41    134.9268    24.05035         90        209

-------------------------------------------------------------------------------------------------
-> edu_formal = educated

    Variable |        Obs        Mean    Std. dev.       Min        Max
-------------+---------------------------------------------------------
         bmi |         52    25.08962    2.570269      20.54      30.47
         age |         52    49.76923    8.617391         35         69
       sysbp |         52    132.6827    21.66434       96.5        204

-------------------------------------------------------------------------------------------------
-> edu_formal = .

    Variable |        Obs        Mean    Std. dev.       Min        Max
-------------+---------------------------------------------------------
         bmi |          2       26.09     1.65463      24.92      27.26
         age |          2        52.5     20.5061         38         67
       sysbp |          2         133    15.55635        122        144


. * Using tabstat

. help tabstat

. tabstat
varlist required
r(100);

. tabstat bmi

    Variable |      Mean
-------------+----------
         bmi |  25.67758
------------------------

. tabstat bmi, stat(mean semean s d var iqr q skewness kurtosi)
unknown statistic: s
r(198);

. tabstat bmi, stat(mean semean s d var iqr q skewness kurtosis)
unknown statistic: s
r(198);

. tabstat bmi, stat(mean semean sd var iqr q skewness kurtosis)

    Variable |      Mean  se(mean)        SD  Variance       IQR       p25       p50       p75
-------------+--------------------------------------------------------------------------------
         bmi |  25.67758  .3384389  3.298695  10.88139      4.07     23.57      25.4     27.64
----------------------------------------------------------------------------------------------

    Variable |  Skewness  Kurtosis
-------------+--------------------
         bmi |  .3648235  3.551271
----------------------------------

. tabstat bmi, stat(mean semean sd var cv iqr q skewness kurtosis)

    Variable |      Mean  se(mean)        SD  Variance        CV       IQR       p25       p50
-------------+--------------------------------------------------------------------------------
         bmi |  25.67758  .3384389  3.298695  10.88139   .128466      4.07     23.57      25.4
----------------------------------------------------------------------------------------------

    Variable |       p75  Skewness  Kurtosis
-------------+------------------------------
         bmi |     27.64  .3648235  3.551271
--------------------------------------------

. tabstat bmi age sysbp , stat(mean semean sd var cv iqr q skewness kurtosis)

   Stats |       bmi       age     sysbp
---------+------------------------------
    Mean |  25.67758  50.98947  133.6579
se(mean) |  .3384389  .9472651  2.304668
      SD |  3.298695  9.232799  22.46312
Variance |  10.88139  85.24457  504.5918
      CV |   .128466  .1810726  .1680643
     IQR |      4.07        15        28
     p25 |     23.57        43       118
     p50 |      25.4        52       130
     p75 |     27.64        58       146
Skewness |  .3648235  .1295529  1.001608
Kurtosis |  3.551271  1.881472  4.403674
----------------------------------------

. *obtaining statistics by category

. tabstat bmi age sysbp , stat(mean semean sd var cv iqr q skewness kurtosis) by(cursmoke)

Summary statistics: Mean, se(mean), SD, Variance, CV, IQR, p25, p50, p75, Skewness, Kurtosis
Group variable: cursmoke (current cig smoker y/n)

cursmoke |       bmi       age     sysbp
---------+------------------------------
       0 |  25.90808  52.94231  136.4231
         |  .4543721  1.204383  3.463786
         |  3.276524  8.684928  24.97771
         |  10.73561  75.42798  623.8861
         |  .1264673  .1640451  .1830901
         |     3.035      14.5     28.75
         |     24.59        46    119.25
         |    25.575      53.5       130
         |    27.625      60.5       148
         |   .658422    -.0438  1.097269
         |  4.226271  2.129901  3.996064
---------+------------------------------
       1 |  25.39884  48.62791   130.314
         |  .5097231  1.436752  2.856383
         |  3.342478  9.421412  18.73055
         |  11.17216  88.76301  350.8336
         |  .1315996   .193745  .1437341
         |  4.690001        15        24
         |     23.09        40       117
         |     25.23        46       130
         |     27.78        55       141
         |  .0443564  .4332068  .3017173
         |  2.607256  1.868782  3.085185
---------+------------------------------
   Total |  25.67758  50.98947  133.6579
         |  .3384389  .9472651  2.304668
         |  3.298695  9.232799  22.46312
         |  10.88139  85.24457  504.5918
         |   .128466  .1810726  .1680643
         |      4.07        15        28
         |     23.57        43       118
         |      25.4        52       130
         |     27.64        58       146
         |  .3648235  .1295529  1.001608
         |  3.551271  1.881472  4.403674
----------------------------------------

. bysort: tabstat bmi age sysbp , stat(mean semean sd var cv iqr q skewness kurtosis)
varlist required
r(100);

. bysort cursmoke: tabstat bmi age sysbp , stat(mean semean sd var cv iqr q skewness kurtosis)

-------------------------------------------------------------------------------------------------
-> cursmoke = 0

   Stats |       bmi       age     sysbp
---------+------------------------------
    Mean |  25.90808  52.94231  136.4231
se(mean) |  .4543721  1.204383  3.463786
      SD |  3.276524  8.684928  24.97771
Variance |  10.73561  75.42798  623.8861
      CV |  .1264673  .1640451  .1830901
     IQR |     3.035      14.5     28.75
     p25 |     24.59        46    119.25
     p50 |    25.575      53.5       130
     p75 |    27.625      60.5       148
Skewness |   .658422    -.0438  1.097269
Kurtosis |  4.226271  2.129901  3.996064
----------------------------------------

-------------------------------------------------------------------------------------------------
-> cursmoke = 1

   Stats |       bmi       age     sysbp
---------+------------------------------
    Mean |  25.39884  48.62791   130.314
se(mean) |  .5097231  1.436752  2.856383
      SD |  3.342478  9.421412  18.73055
Variance |  11.17216  88.76301  350.8336
      CV |  .1315996   .193745  .1437341
     IQR |  4.690001        15        24
     p25 |     23.09        40       117
     p50 |     25.23        46       130
     p75 |     27.78        55       141
Skewness |  .0443564  .4332068  .3017173
Kurtosis |  2.607256  1.868782  3.085185
----------------------------------------

. bysort sex: tabstat bmi age sysbp , stat(mean semean sd var cv iqr q skewness kurtosis)

-------------------------------------------------------------------------------------------------
-> sex = 1

   Stats |       bmi       age     sysbp
---------+------------------------------
    Mean |  25.26044  51.35556  129.9111
se(mean) |  .4658679  1.389773  2.919124
      SD |  3.125137  9.322884  19.58208
Variance |  9.766482  86.91616  383.4578
      CV |  .1237166   .181536  .1507344
     IQR |      4.09        17        19
     p25 |     23.09        42       118
     p50 |     25.31        52     127.5
     p75 |     27.18        59       137
Skewness | -.0539862 -.0036672  1.755835
Kurtosis |  2.474081  1.814898  7.738529
----------------------------------------

-------------------------------------------------------------------------------------------------
-> sex = 2

   Stats |       bmi       age     sysbp
---------+------------------------------
    Mean |    26.053     50.66    137.03
se(mean) |  .4858185  1.305752  3.461697
      SD |  3.435255   9.23306   24.4779
Variance |  11.80098  85.24939  599.1674
      CV |  .1318564  .1822554  .1786317
     IQR |      3.98        15      35.5
     p25 |     23.75        43     118.5
     p50 |     25.49      49.5       132
     p75 |     27.73        58       154
Skewness |  .6017173  .2512181  .5355487
Kurtosis |  3.905915  1.973773  3.210752
----------------------------------------

. tabstat bmi age sysbp , stat(mean semean sd var cv iqr q skewness kurtosis) by(sex)

Summary statistics: Mean, se(mean), SD, Variance, CV, IQR, p25, p50, p75, Skewness, Kurtosis
Group variable: sex (sex)

     sex |       bmi       age     sysbp
---------+------------------------------
       1 |  25.26044  51.35556  129.9111
         |  .4658679  1.389773  2.919124
         |  3.125137  9.322884  19.58208
         |  9.766482  86.91616  383.4578
         |  .1237166   .181536  .1507344
         |      4.09        17        19
         |     23.09        42       118
         |     25.31        52     127.5
         |     27.18        59       137
         | -.0539862 -.0036672  1.755835
         |  2.474081  1.814898  7.738529
---------+------------------------------
       2 |    26.053     50.66    137.03
         |  .4858185  1.305752  3.461697
         |  3.435255   9.23306   24.4779
         |  11.80098  85.24939  599.1674
         |  .1318564  .1822554  .1786317
         |      3.98        15      35.5
         |     23.75        43     118.5
         |     25.49      49.5       132
         |     27.73        58       154
         |  .6017173  .2512181  .5355487
         |  3.905915  1.973773  3.210752
---------+------------------------------
   Total |  25.67758  50.98947  133.6579
         |  .3384389  .9472651  2.304668
         |  3.298695  9.232799  22.46312
         |  10.88139  85.24457  504.5918
         |   .128466  .1810726  .1680643
         |      4.07        15        28
         |     23.57        43       118
         |      25.4        52       130
         |     27.64        58       146
         |  .3648235  .1295529  1.001608
         |  3.551271  1.881472  4.403674
----------------------------------------

. br

. tabstat bmi age sysbp, stat(mean semean sd var cv iqr q skewness kurtosis) by(sex) by(cursmoke)
>  long
option by() not allowed
r(198);

. tabstat bmi age sysbp , stat(mean semean sd var cv iqr q skewness kurtosis) by(sex) long

sex         Stats |       bmi       age     sysbp
------------------+------------------------------
1            Mean |  25.26044  51.35556  129.9111
         se(mean) |  .4658679  1.389773  2.919124
               SD |  3.125137  9.322884  19.58208
         Variance |  9.766482  86.91616  383.4578
               CV |  .1237166   .181536  .1507344
              IQR |      4.09        17        19
              p25 |     23.09        42       118
              p50 |     25.31        52     127.5
              p75 |     27.18        59       137
         Skewness | -.0539862 -.0036672  1.755835
         Kurtosis |  2.474081  1.814898  7.738529
------------------+------------------------------
2            Mean |    26.053     50.66    137.03
         se(mean) |  .4858185  1.305752  3.461697
               SD |  3.435255   9.23306   24.4779
         Variance |  11.80098  85.24939  599.1674
               CV |  .1318564  .1822554  .1786317
              IQR |      3.98        15      35.5
              p25 |     23.75        43     118.5
              p50 |     25.49      49.5       132
              p75 |     27.73        58       154
         Skewness |  .6017173  .2512181  .5355487
         Kurtosis |  3.905915  1.973773  3.210752
------------------+------------------------------
Total        Mean |  25.67758  50.98947  133.6579
         se(mean) |  .3384389  .9472651  2.304668
               SD |  3.298695  9.232799  22.46312
         Variance |  10.88139  85.24457  504.5918
               CV |   .128466  .1810726  .1680643
              IQR |      4.07        15        28
              p25 |     23.57        43       118
              p50 |      25.4        52       130
              p75 |     27.64        58       146
         Skewness |  .3648235  .1295529  1.001608
         Kurtosis |  3.551271  1.881472  4.403674
-------------------------------------------------

. * Confidence intervals

. ci mean bmi

    Variable |        Obs        Mean    Std. err.       [95% conf. interval]
-------------+---------------------------------------------------------------
         bmi |         95    25.67758    .3384389         25.0056    26.34956

. ci mean bmi, level(99)

    Variable |        Obs        Mean    Std. err.       [99% conf. interval]
-------------+---------------------------------------------------------------
         bmi |         95    25.67758    .3384389        24.78777    26.56738

. * Use , level(figure) to indicated the new interval level NB: does not change the default of 95
> %

. ci mean bmi, level(90)

    Variable |        Obs        Mean    Std. err.       [90% conf. interval]
-------------+---------------------------------------------------------------
         bmi |         95    25.67758    .3384389        25.11536     26.2398

. bys sex: ci mean bmi, level(99)

-------------------------------------------------------------------------------------------------
-> sex = 1

    Variable |        Obs        Mean    Std. err.       [99% conf. interval]
-------------+---------------------------------------------------------------
         bmi |         45    25.26044    .4658679         24.0062    26.51469

-------------------------------------------------------------------------------------------------
-> sex = 2

    Variable |        Obs        Mean    Std. err.       [99% conf. interval]
-------------+---------------------------------------------------------------
         bmi |         50      26.053    .4858185        24.75103    27.35497

. bysort sex: ci mean bmi, level(99)

-------------------------------------------------------------------------------------------------
-> sex = 1

    Variable |        Obs        Mean    Std. err.       [99% conf. interval]
-------------+---------------------------------------------------------------
         bmi |         45    25.26044    .4658679         24.0062    26.51469

-------------------------------------------------------------------------------------------------
-> sex = 2

    Variable |        Obs        Mean    Std. err.       [99% conf. interval]
-------------+---------------------------------------------------------------
         bmi |         50      26.053    .4858185        24.75103    27.35497

. bysort sex: ci mean bmi, level(99)

-------------------------------------------------------------------------------------------------
-> sex = 1

    Variable |        Obs        Mean    Std. err.       [99% conf. interval]
-------------+---------------------------------------------------------------
         bmi |         45    25.26044    .4658679         24.0062    26.51469

-------------------------------------------------------------------------------------------------
-> sex = 2

    Variable |        Obs        Mean    Std. err.       [99% conf. interval]
-------------+---------------------------------------------------------------
         bmi |         50      26.053    .4858185        24.75103    27.35497

. bys sex: ci mean bmi, level(99)

-------------------------------------------------------------------------------------------------
-> sex = 1

    Variable |        Obs        Mean    Std. err.       [99% conf. interval]
-------------+---------------------------------------------------------------
         bmi |         45    25.26044    .4658679         24.0062    26.51469

-------------------------------------------------------------------------------------------------
-> sex = 2

    Variable |        Obs        Mean    Std. err.       [99% conf. interval]
-------------+---------------------------------------------------------------
         bmi |         50      26.053    .4858185        24.75103    27.35497

. * cross tabulation

. tab death

      death |
  indicator |      Freq.     Percent        Cum.
------------+-----------------------------------
          0 |         57       60.00       60.00
          1 |         38       40.00      100.00
------------+-----------------------------------
      Total |         95      100.00

. tab1 cursmoke cvd death sex

-> tabulation of cursmoke  

current cig |
 smoker y/n |      Freq.     Percent        Cum.
------------+-----------------------------------
          0 |         52       54.74       54.74
          1 |         43       45.26      100.00
------------+-----------------------------------
      Total |         95      100.00

-> tabulation of cvd  

   incident |
 hosp mi or |
    stroke, |
   fatal or |
        non |      Freq.     Percent        Cum.
------------+-----------------------------------
          0 |         65       68.42       68.42
          1 |         30       31.58      100.00
------------+-----------------------------------
      Total |         95      100.00

-> tabulation of death  

      death |
  indicator |      Freq.     Percent        Cum.
------------+-----------------------------------
          0 |         57       60.00       60.00
          1 |         38       40.00      100.00
------------+-----------------------------------
      Total |         95      100.00

-> tabulation of sex  

        sex |      Freq.     Percent        Cum.
------------+-----------------------------------
          1 |         45       47.37       47.37
          2 |         50       52.63      100.00
------------+-----------------------------------
      Total |         95      100.00

. tab cursmoke sex

   current |
cig smoker |          sex
       y/n |         1          2 |     Total
-----------+----------------------+----------
         0 |        20         32 |        52 
         1 |        25         18 |        43 
-----------+----------------------+----------
     Total |        45         50 |        95 

. tab cursmoke death

   current |
cig smoker |    death indicator
       y/n |         0          1 |     Total
-----------+----------------------+----------
         0 |        28         24 |        52 
         1 |        29         14 |        43 
-----------+----------------------+----------
     Total |        57         38 |        95 

. tab cursmoke death, row

+----------------+
| Key            |
|----------------|
|   frequency    |
| row percentage |
+----------------+

   current |
cig smoker |    death indicator
       y/n |         0          1 |     Total
-----------+----------------------+----------
         0 |        28         24 |        52 
           |     53.85      46.15 |    100.00 
-----------+----------------------+----------
         1 |        29         14 |        43 
           |     67.44      32.56 |    100.00 
-----------+----------------------+----------
     Total |        57         38 |        95 
           |     60.00      40.00 |    100.00 

. tab cursmoke death, row col

+-------------------+
| Key               |
|-------------------|
|     frequency     |
|  row percentage   |
| column percentage |
+-------------------+

   current |
cig smoker |    death indicator
       y/n |         0          1 |     Total
-----------+----------------------+----------
         0 |        28         24 |        52 
           |     53.85      46.15 |    100.00 
           |     49.12      63.16 |     54.74 
-----------+----------------------+----------
         1 |        29         14 |        43 
           |     67.44      32.56 |    100.00 
           |     50.88      36.84 |     45.26 
-----------+----------------------+----------
     Total |        57         38 |        95 
           |     60.00      40.00 |    100.00 
           |    100.00     100.00 |    100.00 

. tab cursmoke death

   current |
cig smoker |    death indicator
       y/n |         0          1 |     Total
-----------+----------------------+----------
         0 |        28         24 |        52 
         1 |        29         14 |        43 
-----------+----------------------+----------
     Total |        57         38 |        95 

. tab cursmoke death, row

+----------------+
| Key            |
|----------------|
|   frequency    |
| row percentage |
+----------------+

   current |
cig smoker |    death indicator
       y/n |         0          1 |     Total
-----------+----------------------+----------
         0 |        28         24 |        52 
           |     53.85      46.15 |    100.00 
-----------+----------------------+----------
         1 |        29         14 |        43 
           |     67.44      32.56 |    100.00 
-----------+----------------------+----------
     Total |        57         38 |        95 
           |     60.00      40.00 |    100.00 

. log close
      name:  <unnamed>
       log:  C:\Users\emson\Desktop\Files\STATA TRAINING\10febclass.log
  log type:  text
 closed on:  10 Feb 2026, 12:30:06
-------------------------------------------------------------------------------------------------
