------------------------------------------------------------------------------------
      name:  <unnamed>
       log:  C:\Users\emson\Desktop\Files\Code\Stata\learning_stata\personal_studies
> .log
  log type:  text
 opened on:   5 May 2026, 14:22:41

. * GENERATE VARIABLES AND SPECIFY TYPE *

. gen int id=.

. br

. gen int sex=.

. gen int srh=.

. gen int income=.

. gen strL comment=""

. list

. br

. help generate

. * ADDING LABELS TO THE VARIABLES *

. label variable id "ID number"

. label variable sex "What is your biological sex?"

. label variable srh "How would you rate your health?"

. label variable income "What is your annual income?"

. label variable comment "Do you have any comments on the survey?"

. * ADDING LABELS TO THE VALUES *

. * First you define the label *

. lable define sex 0 "Man" 1 "Woman"
command lable is unrecognized
r(199);

. label define sex 0 "Man" 1 "Woman"

. label define srh 1 "Poor" 2 "Good" 3 "Excellent"

. * Labeling values with the above created labels *

. label values sex sex

. label values srh srh

. // Remember you can adjust labels with (label define sex 0 "Male" 1 "Female", repl
> ace)
/ is not a valid command name
r(199);

. // the replace keyword makes changes to the earleir created label
/ is not a valid command name
r(199);

. /* you can delete label values by using [label drop <labelname>]
/ is not a valid command name
r(199);

. varmanage

. varmanage

. ecit
command ecit is unrecognized
r(199);

. edit

. set obs 1
Number of observations (_N) was 0, now 1.

. replace id = 1 in 1
(1 real change made)

. set obs 2
Number of observations (_N) was 1, now 2.

. replace id = 2 in 2
(1 real change made)

. set obs 3
Number of observations (_N) was 2, now 3.

. replace id = 3 in 3
(1 real change made)

. set obs 4
Number of observations (_N) was 3, now 4.

. replace id = 4 in 4
(1 real change made)

. set obs 5
Number of observations (_N) was 4, now 5.

. replace id = 5 in 5
(1 real change made)

. set obs 6
Number of observations (_N) was 5, now 6.

. replace id = 6 in 6
(1 real change made)

. set obs 7
Number of observations (_N) was 6, now 7.

. replace id = 7 in 7
(1 real change made)

. set obs 8
Number of observations (_N) was 7, now 8.

. replace id = 8 in 8
(1 real change made)

. set obs 9
Number of observations (_N) was 8, now 9.

. replace id = 9 in 9
(1 real change made)

. set obs 10
Number of observations (_N) was 9, now 10.

. replace id = 10 in 10
(1 real change made)

. replace sex = 1 in 1
(1 real change made)

. replace sex = 0 in 2
(1 real change made)

. replace sex = 0 in 3
(1 real change made)

. replace sex = 0 in 4
(1 real change made)

. replace sex = 1 in 5
(1 real change made)

. replace sex = 1 in 6
(1 real change made)

. replace sex = 0 in 7
(1 real change made)

. replace sex = 0 in 8
(1 real change made)

. replace sex = 1 in 9
(1 real change made)

. replace sex = 1 in 10
(1 real change made)

. replace srh = 1 in 1
(1 real change made)

. replace srh = 3 in 2
(1 real change made)

. replace srh = 2 in 3
(1 real change made)

. replace srh = 3 in 4
(1 real change made)

. replace srh = 3 in 5
(1 real change made)

. replace srh = 2 in 6
(1 real change made)

. replace srh = 1 in 7
(1 real change made)

. replace srh = 1 in 8
(1 real change made)

. replace srh = 2 in 9
(1 real change made)

. replace srh = 2 in 10
(1 real change made)

. replace income = 250000 in 1
variable income was int now long
(1 real change made)

. replace income = 480000 in 2
(1 real change made)

. replace income = 300500 in 3
(1 real change made)

. replace income = 470000 in 4
(1 real change made)

. replace income = 200000 in 5
(1 real change made)

. replace income = 420000 in 6
(1 real change made)

. replace income = 350000 in 7
(1 real change made)

. replace income = 0 in 8
(1 real change made)

. replace income = 390000 in 9
(1 real change made)

. replace income = 0 in 10
(1 real change made)

. replace comment = "Too short" in 8
(1 real change made)

. replace comment = "I have  no" in 5
(1 real change made)

. replace comment = "Lousy question" in 1
(1 real change made)

. replace comment = "I have  nothing to add" in 5
(1 real change made)

. browse sex income

. *** OVERVIEW OF YOUR VARIABLES

. describe

Contains data
 Observations:            10                  
    Variables:             5                  
------------------------------------------------------------------------------------
Variable      Storage   Display    Value
    name         type    format    label      Variable label
------------------------------------------------------------------------------------
id              int     %8.0g                 ID number
sex             int     %8.0g      sex        What is your biological sex?
srh             int     %9.0g      srh        How would you rate your health?
income          long    %8.0g                 What is your annual income?
comment         strL    %9s                   Do you have any comments on the
                                                survey?
------------------------------------------------------------------------------------
Sorted by: 
     Note: Dataset has changed since last saved.

. describe sex income

Variable      Storage   Display    Value
    name         type    format    label      Variable label
------------------------------------------------------------------------------------
sex             int     %8.0g      sex        What is your biological sex?
income          long    %8.0g                 What is your annual income?

. **** SEE IF THERE ARE ANY POTENTIAL MISSING INFORMATION IS THE DATASET

. codebook, problems

Potential problems in dataset [unnamed]

               Potential problem   Variables
--------------------------------------------------
string vars with embedded blanks   comment
--------------------------------------------------

. codebook srh, detail

------------------------------------------------------------------------------------
srh                                                  How would you rate your health?
------------------------------------------------------------------------------------

                  Type: Numeric (int)
                 Label: srh

                 Range: [1,3]                         Units: 1
         Unique values: 3                         Missing .: 0/10

            Tabulation: Freq.   Numeric  Label
                            3         1  Poor
                            4         2  Good
                            3         3  Excellent

. list sex income

     +----------------+
     |   sex   income |
     |----------------|
  1. | Woman   250000 |
  2. |   Man   480000 |
  3. |   Man   300500 |
  4. |   Man   470000 |
  5. | Woman   200000 |
     |----------------|
  6. | Woman   420000 |
  7. |   Man   350000 |
  8. |   Man        0 |
  9. | Woman   390000 |
 10. | Woman        0 |
     +----------------+

. list in 1/5

     +----------------------------------------------------------+
     | id     sex         srh   income                  comment |
     |----------------------------------------------------------|
  1. |  1   Woman        Poor   250000           Lousy question |
  2. |  2     Man   Excellent   480000                          |
  3. |  3     Man        Good   300500                          |
  4. |  4     Man   Excellent   470000                          |
  5. |  5   Woman   Excellent   200000   I have  nothing to add |
     +----------------------------------------------------------+

. tab sex srh

   What is |
      your |
biological | How would you rate your health?
      sex? |      Poor       Good  Excellent |     Total
-----------+---------------------------------+----------
       Man |         2          1          2 |         5 
     Woman |         1          3          1 |         5 
-----------+---------------------------------+----------
     Total |         3          4          3 |        10 

. ** RENAMING VARIABLES **

. ** [rename oldvarname newvarname] **

